		Initializing .... 

Total memory allocated = 5454196
		Begin Printing Seed information

Seed point: 118 77 	Path 0 0 	User path -1 -1 -1

---------------------

Print path: 



[118 77] 

		Begin Printing Seed information

Seed point: 118 77 	Path 0 14 	User path 0 144 0

Seed point: 124 90 	Path 15 15 	User path 144 144 144

---------------------

Print path: 



[118 77] [118 78] [118 79] [119 80] [119 81] [119 82] [120 83] 
[121 84] [122 85] [123 86] [124 87] [125 88] [125 89] [125 90] 
[124 90] [124 90] 

		Begin Printing Seed information

Seed point: 118 77 	Path 0 14 	User path 0 144 0

Seed point: 124 90 	Path 15 35 	User path 144 211 144

Seed point: 114 100 	Path 36 36 	User path 231 231 231

---------------------

Print path: 



[118 77] [118 78] [118 79] [119 80] [119 81] [119 82] [120 83] 
[121 84] [122 85] [123 86] [124 87] [125 88] [125 89] [125 90] 
[124 90] [124 90] [123 90] [123 91] [122 91] [122 92] [121 92] 
[121 93] [120 93] [120 94] [119 94] [118 94] [118 95] [117 95] 
[117 96] [117 97] [116 97] [116 98] [115 98] [115 99] [114 99] 
[114 100] [114 100] 

		Begin Printing Seed information

Seed point: 118 77 	Path 0 14 	User path 0 144 0

Seed point: 124 90 	Path 15 35 	User path 144 211 144

Seed point: 114 100 	Path 36 56 	User path 211 388 211

Seed point: 124 80 	Path 57 57 	User path 408 408 408

---------------------

Print path: 



[118 77] [118 78] [118 79] [119 80] [119 81] [119 82] [120 83] 
[121 84] [122 85] [123 86] [124 87] [125 88] [125 89] [125 90] 
[124 90] [124 90] [123 90] [123 91] [122 91] [122 92] [121 92] 
[121 93] [120 93] [120 94] [119 94] [118 94] [118 95] [117 95] 
[117 96] [117 97] [116 97] [116 98] [115 98] [115 99] [114 99] 
[114 100] [114 100] [114 99] [114 98] [114 97] [114 96] [114 95] 
[114 94] [114 93] [114 92] [115 91] [116 90] [117 89] [118 88] 
[119 87] [120 86] [121 85] [122 84] [123 83] [124 82] [124 81] 
[124 80] [124 80] 

		Begin Printing Seed information

Seed point: 118 77 	Path 0 14 	User path 0 144 0

Seed point: 124 90 	Path 15 35 	User path 144 211 144

Seed point: 114 100 	Path 36 56 	User path 211 388 211

Seed point: 124 80 	Path 57 77 	User path 388 424 388

Seed point: 115 76 	Path 78 78 	User path 444 444 444

---------------------

Print path: 



[118 77] [118 78] [118 79] [119 80] [119 81] [119 82] [120 83] 
[121 84] [122 85] [123 86] [124 87] [125 88] [125 89] [125 90] 
[124 90] [124 90] [123 90] [123 91] [122 91] [122 92] [121 92] 
[121 93] [120 93] [120 94] [119 94] [118 94] [118 95] [117 95] 
[117 96] [117 97] [116 97] [116 98] [115 98] [115 99] [114 99] 
[114 100] [114 100] [114 99] [114 98] [114 97] [114 96] [114 95] 
[114 94] [114 93] [114 92] [115 91] [116 90] [117 89] [118 88] 
[119 87] [120 86] [121 85] [122 84] [123 83] [124 82] [124 81] 
[124 80] [124 80] [124 79] [123 79] [122 79] [122 78] [122 77] 
[122 76] [122 75] [122 74] [121 73] [121 72] [120 72] [119 72] 
[118 72] [118 73] [117 73] [116 73] [116 74] [116 75] [115 75] 
[115 76] [115 76] 

		Begin Printing Seed information

Seed point: 118 77 	Path 0 14 	User path 0 144 0

Seed point: 124 90 	Path 15 35 	User path 144 211 144

Seed point: 114 100 	Path 36 56 	User path 211 388 211

Seed point: 124 80 	Path 57 77 	User path 388 424 388

Seed point: 115 76 	Path 78 122 	User path 424 446 424

Seed point: 107 109 	Path 123 123 	User path 466 466 466

---------------------

Print path: 



[118 77] [118 78] [118 79] [119 80] [119 81] [119 82] [120 83] 
[121 84] [122 85] [123 86] [124 87] [125 88] [125 89] [125 90] 
[124 90] [124 90] [123 90] [123 91] [122 91] [122 92] [121 92] 
[121 93] [120 93] [120 94] [119 94] [118 94] [118 95] [117 95] 
[117 96] [117 97] [116 97] [116 98] [115 98] [115 99] [114 99] 
[114 100] [114 100] [114 99] [114 98] [114 97] [114 96] [114 95] 
[114 94] [114 93] [114 92] [115 91] [116 90] [117 89] [118 88] 
[119 87] [120 86] [121 85] [122 84] [123 83] [124 82] [124 81] 
[124 80] [124 80] [124 79] [123 79] [122 79] [122 78] [122 77] 
[122 76] [122 75] [122 74] [121 73] [121 72] [120 72] [119 72] 
[118 72] [118 73] [117 73] [116 73] [116 74] [116 75] [115 75] 
[115 76] [115 76] [114 76] [114 77] [113 77] [113 78] [112 78] 
[112 79] [111 79] [111 80] [111 81] [111 82] [111 83] [110 83] 
[110 84] [110 85] [109 85] [109 86] [108 86] [108 87] [107 87] 
[107 88] [107 89] [106 89] [106 90] [106 91] [107 92] [107 93] 
[107 94] [107 95] [107 96] [106 97] [106 98] [106 99] [106 100] 
[106 101] [106 102] [106 103] [106 104] [106 105] [106 106] [105 107] 
[105 108] [105 109] [106 109] [107 109] [107 109] 

